1111111011100001100111101100110001110000010000110000110010001001111111110010011110101100000100111001
1111111001101000001010111011011101010110100001001110000111010110011110101001110001001010010011110001
1111110001100010010101111100111000011011011010001010101101111001001100001001011010011101010100100001
1111110000101011001000010111010101000001111010110101100010111000100010101000000110000000001000010011
1111100100000011100011101100100000110000000001110101011101110010011011011010001011111001111110111010
1111100011010010010011101010101100010011001000011110010111110000001001101001010000001110001001001000
1111011111010110111001010011001110001110100111101101010111011000010000010001000110011000111010011111
1111011011001101000010010101100011010110100010110111100011111110010111101100101111111110001111010001
1111010110010111000110111101101111010011010010010011001111011101000001001010011110011100001011101101
1111010100011110000000010001000111010011110001000110111111011000110011100100111100111001100001010011
1111001110010111101101000101111100010001001010000110010110000010001101001101101011000111110111001111
1111001101110001111011100100100101001101011011101100001011011001000110101000100011111010111001001011
1111001000010101100001010111000101000100000010101101100101000010000010010011101001110100100111111111
1111000011000110110100100101110011010011011010001010100110110111110100001000010011001001010001111001
1111000010111100010001110011001011111110000110111011111110110011110101100111111110001100010011010001
1110111110101101010011101100011100110011001101100100110010011100011010111011101011001000011101100101
1110110110111000111001100111110000011000111011001111001010111010001100111011101010100000101000000011
1110110011110010101001011011010100101000111100110011010110001111111011001111100000101111101010001100
1110110001010110111110101111111100111100001110110101111001100010000110110100101111100000110111011000
1110101110011000100100011100110001011110011110110000001101111111011110111101110110111001010101000111
1110101001000100010100101101010100010100000010111110100010111011011001011111100111101110100001100000
1110101000100101101011010110111010100010000110010111101110100001011010001010011001011110100110010001
1110100011010010111110011001011000011000101000011101100000011111111011011011010000111111110101000100
1110011100000111011111110011101010011011010001100011000011101001010111010011101101001100010011110101
1110011100000010100011011111100010011110110011001000011100010111111010001000100010011000011101010111
1110011010000110110010111011111000001000001010001100110101010010000000000101010100010000111110110110
1110010111000010111000001100011101100110010110101001101001100010111000010001010100011011101010001100
1110001110111101101011011010100000000101110100010001100010000100101111000010001001110101101011001110
1110001101100110011101011000000111101110000001000100100000011000000111110110010100111111010101101010
1110000100110000101100110100001100101111100000001111100110111001111001101000000111100101011101011111
1110000001100000010101000010110001100110000111110000100111000000111100110001110111111100000001000111
1101110110011100001001010110111001100011011101101011011010101000010011010101001100100011001101100110
1101110101100110100010110010110000010000101110010011000100111111010011001100101000110000011101000000
1101110101001101111100000110001110111101101011001111111011011000011110000000100010011110011110011100
1101110100001000101000100110100001010001001101010100110000010110011000100101000010101101110000001001
1101100110111011100001111011010110000001110011000000101101000011010100011110010011011001100101101111
1101100110011100100001001010000110001000001101011011101100100111000100110000100001101111101001101111
1101100011111001010011111011101101011010101001111110100011000110001101001100101010001010010000000110
1101100010110101010101101110111001101101100110011011000111000110000101011010010101101111011000001101
1101100001101001111111100110000110010010010110111000110001000001000010011000011011011111010000000011
1101100000000001011000011101111001101000000000011111100110000110000100101111110000000011111100101011
1101011110111010111101000000110110010101110111100000101111101010011010101011101011000101111011000101
1101010111111011000101000010000010110111000100000000100001011011100111011100100100100101100011101010
1101001110001001011011100000111000000111011111110010100100111101101110011110101100110100010100110001
1101000101101101001100100111110000111101010110111001011001110111100010000011000100101000111001101101
1101000101100010110000110001110001101111000101101001000000001001100011000010100001111111111000010001
1101000100010111110110011100011000100110110101100111001111110111101111000001111100100001111100011010
1100111110110111101110011001100000110001110100010101110010101101110101110101100111000101111001111011
1100111010010011001111100101000000010111110001101010110101111111010010101101011111110100011010110011
1100111001000110001000010001111001011111011101101001110110100000110001011101010010101001011010101111
1100110111110111011010000011000100010011000011010101100111010100101110110111111111101100001010010001
1100110010110100010100000011000110101101010000011101101111011000100010110100101011000111000100110100
1100101111100000000000100001010000010111001000110111101011110110110101101010001110000101011000010010
1100101010111000101111110111110000010011000100111000011001110100101100100110011111110000110110100001
1100100111010001010010011110111001101110011010011000000111100110000011001000000110010010100111101001
1100100100011100001001010100111101111101010100100011110110100010110100001111100011100101110101010001
1100100011101000101110110101100001011010110110100000011001111001100010001010000000000110000000110011
1100011111111001100011001111001011000111011111001001001100000001101011110001111111010110110111011011
1100011010001001011100100100010100100011111011010110101011011101110101110010011010101000110000010010
1100011000000101011011110110110000001011011001100011100011010011001000100100011110010111010110010110
1100010111011000001111011100111001011000001101111001010101010100001111110100011000101111011001111000
1100010011101101110111110100010010011010000111010001110001000001010111111001110110011011111000101000
1100001011100001000110110011010000000100100100011100111101000001111100110010011100111111010000111100
1100001001001100100011000000010101111110010100100101000100100010111001000111111001111100010010001011
1100001000011101100111010001101011100000001111111100010110000110000000100001010101000011010001011011
1100000110001110000101000010011101001010011100100001101100101101001000001110100000110001001111011111
1100000100111000110110011011001111100010011111100100001101001111011010011010101001001111010001100011
1011111111111100100010011111001000101110001000010011011010110010010100100000011010000101110110111001
1011111010110001100111101010100011100011001101001010100001000001001000011101001110101111011000100100
1011110001101011010010100001100001110110010010101000010000011011101110011011011111110100001100010101
1011110000100100011001011110011111000100110100101000011100101010110101110101001100101111101110101000
1011101101101110011101001000111000010101001010011001100000101001000011101000101000010001011111110111
1011100000111100110101111001100001110000011110001011111011001010101101111100100001110001100101111010
1011011100111000100101010010101001000110010110100110111110111111010011110101111101110010001110110101
1011011000101111010101110001101010110100110000101111100110101010101111100000010110100111000111101011
1011010010101100101010000101011110001001101011010111000010011101101001111111000011011000001111001100
1011001100011011000010000011010111011100101101011110110110011100001011011101000011000101100010000100
1011001100010010100111101111000101011101100101011001111000001001100000110110011011100001001101110110
1011001010111111010000011001001101001010000101000001000110110010110111110110010101001000010011010000
1011001001111010001111011001011110001001110011111010111010011101001101011000110111100101100000100011
1011001001001100010000100010100001100100000100101110100000000000100110111001011010000001001001001010
1011000110011100100011111111111010011000001000010011001110101010011111110110101100001100111010011110
1011000110010100000101100000111110000111111011011001100000001111111100101000101000010010010001111011
1011000101101000001000101010001111011011100100100000001100000111011110110100110110010110110101110000
1010111111001000001000110011111011100001001101101001110111011010101111011101111001010000001100111000
1010111010100000010111011100011110111010101111110001111001000111000110000111000001010100000001101010
1010110111110011111101011010100000011010001001110100011110101101101010110010111101100011101011110011
1010110101010111000100100100000110001001100100000110110100101110110110011101111101010000110001001010
1010101111110010111011010110100011100011010011111010101010001110000001100110101000010111000111111101
1010101111101011000111100001100001110001111010100111001111000110000000100001001010101010010001011010
1010101001101001111011100100100001110000011111100001001010000000110100001111001010110011011011101101
1010100111111010011010100101011110111000111010010111000010111001110010001110011010110111100110001001
1010100111101111111100101100100100110101000111010100111111101111110001111100111101001110000010111011
1010100100100011100110101110110010000110101100000110110000011110100111101011011101100100111000010001
1010100011011111010110110111101110100000111100000011001000110101101000011101011011101001001111001001
1010100000011111011110011111111010011011010100001110000111000101000100011100110000100111000010111001
1010100000001011101111111000110010000110110010110001010110101010010001010110111111010011000101100101
1010011110011110110001100101011010011100110001101101011001100000001010001011001111000000101001010111
1010011110011100000011110110111011110001011101011010100111010111001101010101000011000001100110100011
1010011100101110010001101000100011110001111011010010101101111000111011101010111000010100000000011010
1010011001011001011100011111110101100010111010011101101110010000110101010101100110010100001001010000
1010010111011110111110100000111010101110011101100011101111100010000011010010100111000011101010010011
1010010000001101100100001111010111000001001101111100010101001000100001101011000101100110100000000100
1010001111110100010010001110001101101010001011011110100111111001111000000000111001011000010100110000
1010001100001011110100110000011110010100110011000001010010011111010001110101101101000001101010111001
1010000111000001000100010000100001001110011111001011001001001001111100101011001100110011101001100010
1001111010011110000110110000010110101010010101101010010010011110101100101101011011010001100011111001
1001110110110010001001011101010111000111101100101101001001100110010000000111111000000100010011011101
1001110110001100110011011110101011100100100110111110110001010111001111111101110011000000000011110001
1001110110000010001001101100111010101110001000000100010001010111100001101000000011000101000010110110
1001110100101111101010100011111010101101011100010111101101010011001111010100101010100100001000100010
1001110100001000111110111000000100010110110010001011000000010000110101110111100001100100101110001011
1001110010010000100110000001010110001101100100101010010000101100100010110001001100101101110000010010
1001110001110110000111010101110011100110001000100100001011000001110101101111100010000100000011100101
1001110001010010010000011110111001110011100001000011010001011111010110000000001000111011111010111000
1001101101010011101010011100000001111001011010100101100010000101010111110001011001111110100110011101
1001101101000101100000111011100010001111001010100010000111001010110000100001010111111100001010001101
1001100111010110110100010111101001100011110000011000001010100111001000101000001100110010110101000110
1001100101110111101111110011000101011001111000110010001010110000101001010111110011010111010010100000
1001100101010110011100001110101001001011110101100000000010010011111100011110000110110010001000110000
1001100001111110001000101010000100010001010111111011011110011001101111010001110000101000100000111010
1001011000110111111001011100000100111011000010101111010101011001010011110011010101100110011110101101
1001010101111011110011000001010110010000001100010001101010111100011011011101101101001000011100101000
1001010101001110001000101111010110001110000110110010000111010000010001001001010000000000001010011011
1001001011010111111111110000000110110010101110000001110110111110101001001110000000111110100001011011
1001001000010101011101001111001000110011010110011100000111001000011010110101100110100110100000001100
1001000111011100101000001001110000001010110000011011010110001011111010001001100001100110110101010011
1001000110110001110001011110110011111101000001110110011101010010111100000000111110011111011110111000
1001000011101001001000100010011111111100010000100000010101101000110100101001011101101011101001100110
1001000010110010111101010111011101000001110101111101010101011101111110001101011101010101000100011001
1001000001111100010010110000010100000100000010011000011110111011010100110110111111110100101000000010
1000111011001101100001111111011110101001011101011001110101000101111100001111001001100010110000100110
1000110110001010010110111000111011001000000000011001010010000001100000010110111000101001011010000011
1000110101010101001101110010101001010010011001111001111010000111110101001101110010011110111000111111
1000101010100110100000111000110011101000011010000100110100111100010111010101100110010000011101110101
1000101010100001001111001110001001011101011011100111011001011111010010110011101110001000101010111110
1000101000000100101100001101110001111010010010100010010000110000111010010001011010001101110110101010
1000100100011001011111011110111100110100011110011100001010000110111000001010001111001100000010011111
1000100001110100100000001011001101011001111101101001011110001011111111010100000001100111101001010100
1000100000100100111011000111111110100100011001111000000011010101111001000111100000001010111101000101
1000011110110111011110101010000100001100110111010101110011010010111001110101000010111110100101110000
1000011011110001011010111100000101100110001001110011001011011111001010011111000100010110011100001010
1000010111111011011101011000010010011001110011110011010110101100000100010111011110011000000110110110
1000010110100001111110111010000100101011001011000111101110111101000101000111011001011100101010010010
1000010100001000110011011100111010011101111010111111010100101100110000111011000001100100110001010010
1000000010001110110100001111011011011110100011101111100011010111001110000011001111011010011001001100
1000000001000100001000010100101001010110000010010010010000010111100111111010011110111110001011101110
1000000000000111111100010001011110100000010001100010111110111001001001100101111100011101110101001111
0111111101100101001111011111001110001110000000001110111001111000100011011101101010000000111001011010
0111111011101010101000011101010001010111000011001111010100011011111100111110010101101101000110101000
0111111011011010010101001101110001110111001100110100000111000000001011011101110110110011110100100001
0111111001101101100111001111100110111011100010000011001110000000011010111110111100000110110010001101
0111110111111010010100000010110101011000110001101111110101110000111010111111001111100110011110101110
0111110100100101100010000011000011100111011001100001001001101100000111010111011011011100010111111100
0111101000111001000011100100000111000100011111000001011000010001001001000110010010111111110100001101
0111100110111000111110011010000011001010111011010101101100100111011111100001100100110001011100001011
0111100110011010000100011000011000000010011111111010011100001101101100101100010111110110110001111100
0111100100000010101010001111011000111111111100110100100111010110000111000100110100100011110011011000
0111100001000100100000111110000011110110110101101000011101111111010001010110000100101110001110001000
0111011100100001011000100111010001101101111110011111010001100111101011100011000010111111011100011110
0111010011111111011001011100101110110101010101101001110000010110001011100111001110001011110111111111
0111001111111111000100000111010001001110010101101110110100111111010101000000110001011101110000101100
0111001100011010101100000001011000001101100001011101101000101110110000110111010101001000010101100000
0111001010111000000000110000000111011010001111011010001111111100011110111000001100110101011001000011
0111001010100000100000100110101110001100011011011110100111000101101001100000101010001100001011001111
0111001010000001111010001000000001100111111011100010110010001001001010101000101000011000100011111010
0111000101111000011011000110010011111100011111110111010001000001110000001100111100101100000001010001
0111000010001000111101010001010001101000000100110100011010111111011111010000100110111001010110011110
0111000001100010001000001111101111011011001010010100101010100101000111011110010000110011000010110101
0111000000000010110000101100101100000011111110000000000110011101011010101001101100100111110011110111
0110111111001000100101101000100011000110010010001011000100100101101100101100011110011001001011100000
0110111011001101111101010010000001011110010101000111010011011111010101101011111110010001101110000110
0110111000111010111101000011010001010000011111010101001000111111101101000100001111010110111001111011
0110110101111010101110011010110100101111110011001111110011100111111100011110010001110101011101000110
0110110000111101010110001011111111100000010100111101001100000011111111011001010110011101001001110011
0110101111111100000110111011010011101011110000001010101000110111001001100100011110101001110100010111
0110101010001001100010100111110100100001101010100110100010101010010010100001010101101101111111110111
0110100101100101011101100011000011011100010101000111001100000010011101110000100100000011011100100010
0110100101010100001011111100110111101011101111111111010100110101011111101010110101000010101111011100
0110100100001001001011010001101110101101101111010101100110000110000110001110011011000011101110110001
0110011111100011110100000000001111110011000011100010001001111001110111110101011011001101010000111111
0110011100101010000100000110100111111101111000001011101110100111111001111011101000110001001011100000
0110011100010011010010111001010011010100000001000000011101101100001110110101001100101001111001001011
0110010111110010111111110100010001001110000011000111010001110110100010010011010001010011100101111010
0110010100110101011100011100100101100100111001101011010010001001111111100000110001001000100000110001
0110010001110010111001011101000010111101110101010111010110010111101001110100101111010101110000110010
0110001101111000000001011011111110010101010011011011000101010111010000111010110011111111011010011011
0110001001001000100110101000001000001001101101110101111101100000010111101010001010111001111110111010
0110001000110011001001100110000011010110101011111111001000000101000001110011110001001101011001000010
0110001000001101000011010100010010010110010111011000000000001100100101101010111001100100100010100110
0110000111111011010100110000001010010101000100001111100010010111100111011011011001101000001111001110
0110000010101111111110111101111000001000000111100011100011110010010110110111101100111110001000011000
0110000010001010101011010100110100000000010111101010111001000011011110111110001110001101101111010000
0101111101001110000101000111101111101001101111101111010001111110001101011001111000011010111000000100
0101111101000010000000010001000010110000100111111010001101001001110110101100111010000110110010101110
0101111011010110010110010111011000011110011110111011010101000100101100100111110111010000100001011001
0101111010010001100100011100000100011110111111001101100101101111110001010111110000000010101100010100
0101110101011010110111011111011011000010110011100100001110010101101100011010101111101010100110000100
0101101101100000000101101100000011011101010100100010101011000101000111000010100101011101001011010001
0101101011100100011111111110101111000011100010011001100110100000100101100101101101001010001101111110
0101100111110000001110001111110110000010111011010011011101010101101001010111000001100110001011001101
0101100011100010110010010100100100010110000111100100111101011001010101100111101100111011110110011101
0101011111110010000100101010010011110101000001001110100011010111001011001001010101110101000111011101
0101011100100010101101100111100111010000010001010110100110000011100100101001101110000010010000110110
0101011001001001110000100001001111010110100001010011001110010101010000010100000001110101100101000010
0101011000001101101100010111000110001100010101111011010110010101101100101111000101011100101110010000
0101010110001001000111100000101111111100110110010001110000010010101010001010001000001001001100100001
0101010001001110001011111100111000101111111000000110101011000001001110000000001100110011001000100111
0101001111111011010101111000110000101010101111010001100100101101010101110101000001101011001001101111
0101001100101101010111101110111111011110100010101110000110101110010001011010100011100111110101101101
0101000110011111101100101011110100000111110001111110100001111101110101011111001010010010111001000010
0101000100111011010010001111001011100010011010111100100101001101111110101000010110100110000010100011
0101000100010101001100000011011000100110001011111000000101010110110100000101110010000010111101100010
0100111001101110101111001001100000010010100011010101000100000100101100111110111101001000000110110101
0100110110001001001101000111100100111001001111010010110101010010001000110001111110101000101110111111
0100110100111110010101111011011011000110110001000000010111001100010001110110011001000011001110101101
0100110011001010100111111111001100111110010111001010101010101111100011010001000111000111001110000001
0100101111110000111100000111101111110101010111110000001000111010001011101010101100100000110001001001
0100101100101000110011001011100110111001001101101000101010100100011101001100110010001110000000000110
0100101001000011101101010011000011101011111101111001100100100100010101111011100100010110100110100010
0100100100101011010101110001111010000100110001001011010010000101111101111111111000101100001001110010
0100011111011000100000000111001110101010111110110111111000111000010110111101110111001001010100001001
0100011110001001001101010101110100100101101000100100001011100011011001010110111101101000110011100000
0100011000010000011010101110100110111011100101010111001110100101111100010101000001100011000010101011
0100010100000111110000010000011001010101101100010110100100111111000111001111011000010001000111111100
0100010100000110101010110100000010000110111010000101101011010111101110000101101100110011100111101000
0100010000101101001001000100100111000000011001101101000100110110010110110010111001000010001100101110
0100001111100111111011110111010010010110000111011110101100000101110001011001000101111001001010111011
0100001101001110110001101100101110010101001110001011101010110001000101001101001100110000011011100010
0100001011101010011011101011101110100000010111100000110011011101101001000010000000001101000000110011
0100001001100010111000101101011011111001110111011111111001101110001001110100101000111000110001011011
0100000011101011101111001001011001001010001100111010111101000001101100101001111010001111001101011100
0011111010111000101111111101100101101000011110100001110100000011101001000000010000011000100101000100
0011111001010010111010100100101111100000110011000001000110100111000010001001011010010001001010011010
0011111001001000001000010100000101001001100000100000000100100110000100110101111010000010001010110110
0011111001000001000000101011001010101011110010100100010111010101111100010011001001000011001011110000
0011110011010011110001011010110111010111010010111011101000000011100111110110111110000101011010110001
0011110010011001001010110000110011110111010110010111101101000000111100000111111000101011011011000111
0011110001001010101110011000111110001011110011101011010110101000001110101110000000111101001101010101
0011101111111001100011010010010001011100000100000001011010010000001110010000010011010101101111111100
0011101110011101000101110000011010000110111101001011000010011100100011000110001100101100001111011010
0011101100110100011011101100101101001111110100101001111000010001101010001011100000110110100100011110
0011100111101100011110001011100101011000010111010101101100010010111000101110011111000010010111100110
0011100111100001001001101110111100011100011101001101011000011101010101100010110010111010011010111001
0011100111000011101011000010011101011001001000011100100101111001100110011111111011001011000100001010
0011100110110001001000110010011100011100111110010010010111110000111001010100111011010001100001010010
0011100101010100111010000100111110100111100110111111101111010101110111001011000011111001100110000001
0011100100100011010100011101100101111111001010110010011101001010101000001100011010000110100000000000
0011100010101001001011101101100101000001111011111011011101011000010010101111000010111001100010011011
0011100010000100101011111110001100011010100111101010001110100011110000010001110011011101011000111011
0011011100100001111000110000010001100011001001100100111101101001111010110011111101111001001101010111
0011011011000111100001101100111100000101010101000000010100111101100110101110010000000010000010111100
0011010111111111100000000101110110011001010111100100100110001110101001101000110101111011011001011001
0011010101101001111110110010101100001010100001100111111110000110111110101111001011010101100111111000
0011010001000100001000110001001010111110010100100011100100001100111100111101110111001110100011010101
0011001101011010000101101110111111001111110011011001011101110101001100011010100100000000110100001011
0011001010010001010010000101010011001100100010111100100110100101101001110111110000101110000001111111
0010111101100111110111101111111100111001010011100110000101011101110010010011101011011011010110001011
0010111100111111000010100000010010111001010001100011000100101011000100011011001000110100011110010000
0010111100000101011101011000111010001100100000101010011111100001011001000000010001000111011010101001
0010111000011010001001110101110111100011110011001101011111000010100001111110010111110001101100100001
0010110110110011000001100010000000011100101100001011001001001111110000110001101010110010101010101100
0010110101101110100001111001011010000110010000010010101110011100001010001001000110100111111011011111
0010110100001011001001100111010011101111100101011111000001100100110000100110011011111101111110101000
0010101101001101011111011010000000010100000110000011111100100000000010011100100100101011001101101100
0010101011001110111011000111100010000101001010001001111101111110111001110111110110011101011010000100
0010101010100001110100101111000011100011001101011011101010110001110111101011010101010111111111100101
0010101010000100111111100010110110010110110101010101011111110001000011010100001000101111010010111010
0010101000001000100100111111100101000100101101111101100110000000000010011101111001001011011011111111
0010100110000101011111010011110111001010110110110011110101010011111010000101110111001001100111000110
0010011001000001001010010000110111110010100100001100010010001010101001011101110000101101101001001100
0010010110001111111100001010100011011000011100111001000101000001100001100010000100001001001001111101
0010010101100001101011011111010001000010000010000100111000101101101111011010110111100000011011100111
0010010011110000100000100001001001100101000000010000110101001001111111011000001011001111011111001110
0010010010100001101000010100110101101010000110000100100010001001010111101110111001000001000010111101
0010010010011011100111111010110111111110101000100110011010001010001110100001011000011111111001001111
0010001110100111010011011110111100100011000111011100001110100010110110100110011101101000110100111100
0010001100110111100011101101000000000011000011000001111001001000010110010010110111110011011100101010
0010001011101001001100110011100111110111011110010101110111100101010000101100101101010111001011111001
0010001011001100001001110010101110110000000111111101011100111000011101101110010100101011000100110100
0010001010001110001011010111000000100001111000000000111101001110100101010010000101110000100111101110
0001111111110010101100101110011011101100011110100010001110101000001111110001011010100011011110110001
0001100111101011011111000100111101111110000100111000000000010100011010010111100000000100111100111110
0001100011111110101011010100101101011000011101111111000010000110010100101111000110010001100101001001
0001011010000111010101101101111011110100100011100110100010111010001011011011101110100101100001000011
0001010100110111001100001101001001100011010101001101000110010100111110001010110000001010010010001111
0001010000000110101111101000101110111110110110100001010100110111100011001110100100100100111100110101
0001001001011011110010110111101000100100000101100101111010100001001110110101111101101000010111001110
0001000111101011100000101101001001110001100101011010000010101001100101111101000110110010000100100110
0001000100010111001100100001010010110000000001101011001101000001000101101101101000011101100100100110
0000111000111110110101100111101001010011010101101011101110010110011111010010000101011101110001010000
0000110100101110110011101111010011100111111000011010000111011110001010111111100101101010101011111011
0000110001001101011110110000111101010011011110011101010010001101000000101110101011110110110100000111
0000101100010110001010010011011011101001000111111010011000000111000100010001110110101101100111111101
0000101011001101110011001100110110100101010100010011100110101110010000001011011000010000010110111111
0000100001010110111101011000011011101100101111010101000111010101011101110111010000101000101111010101
0000011010011011110110100001100010010111010111001100111111101100101100001111011101000111000110011101
0000010001111110100111001111011011100101110011101110001110010101111101011100010001001111000010101100
0000001100000011011101101100100110111011011011010100010000011010101010111000101111100101000101110011
0000000100011101001000001010100100100100000110001001010011001010110100001010000101100101000011000011
